<?xml version="1.0" encoding="UTF-8"?>
<testsuite name="com.example.weatherapp.AndroidUiStringsTest" tests="4" skipped="0" failures="0" errors="0" timestamp="2026-05-18T18:45:30.536Z" hostname="LAPTOP-8OLA8TFP" time="0.152">
  <properties/>
  <testcase name="iconCode_01d_isSun" classname="com.example.weatherapp.AndroidUiStringsTest" time="0.018"/>
  <testcase name="openWeatherIconUrl_format" classname="com.example.weatherapp.AndroidUiStringsTest" time="0.133"/>
  <testcase name="weatherEmoji_clear" classname="com.example.weatherapp.AndroidUiStringsTest" time="0.0"/>
  <testcase name="iconCode_10n_isRainSun" classname="com.example.weatherapp.AndroidUiStringsTest" time="0.0"/>
  <system-out><![CDATA[]]></system-out>
  <system-err><![CDATA[SLF4J(W): No SLF4J providers were found.
SLF4J(W): Defaulting to no-operation (NOP) logger implementation
SLF4J(W): See https://www.slf4j.org/codes.html#noProviders for further details.
]]></system-err>
</testsuite>
