<?xml version="1.0" encoding="UTF-8"?>
<testsuite name="com.example.weatherapp.WeatherApiIntegrationTest" tests="4" skipped="0" failures="0" errors="0" timestamp="2026-05-18T18:45:30.698Z" hostname="LAPTOP-8OLA8TFP" time="0.195">
  <properties/>
  <testcase name="getWeather_withMockEngine_returnsParsedCity" classname="com.example.weatherapp.WeatherApiIntegrationTest" time="0.168"/>
  <testcase name="getWeather_withMockEngine_returnsWindSpeed" classname="com.example.weatherapp.WeatherApiIntegrationTest" time="0.005"/>
  <testcase name="getWeather_endToEndWithCache_storesResponse" classname="com.example.weatherapp.WeatherApiIntegrationTest" time="0.017"/>
  <testcase name="getWeather_withMockEngine_returnsHumidity" classname="com.example.weatherapp.WeatherApiIntegrationTest" time="0.005"/>
  <system-out><![CDATA[]]></system-out>
  <system-err><![CDATA[]]></system-err>
</testsuite>
