<?xml version="1.0" encoding="UTF-8"?>
<testsuite name="com.example.weatherapp.WeatherCacheManagerTest" tests="5" skipped="0" failures="0" errors="0" timestamp="2026-05-18T18:45:30.896Z" hostname="LAPTOP-8OLA8TFP" time="0.003">
  <properties/>
  <testcase name="persistAndReload_keepsDataInNewManagerInstance" classname="com.example.weatherapp.WeatherCacheManagerTest" time="0.001"/>
  <testcase name="getWeather_isCaseInsensitive" classname="com.example.weatherapp.WeatherCacheManagerTest" time="0.0"/>
  <testcase name="saveAndGet_returnsCachedWeather" classname="com.example.weatherapp.WeatherCacheManagerTest" time="0.0"/>
  <testcase name="getAllCachedCities_returnsSavedCityNames" classname="com.example.weatherapp.WeatherCacheManagerTest" time="0.0"/>
  <testcase name="clearCache_removesAllEntries" classname="com.example.weatherapp.WeatherCacheManagerTest" time="0.001"/>
  <system-out><![CDATA[]]></system-out>
  <system-err><![CDATA[]]></system-err>
</testsuite>
