<?xml version="1.0" encoding="UTF-8"?>
<testsuite name="com.example.weatherapp.SharedLogicDesktopTest" tests="1" skipped="0" failures="0" errors="0" timestamp="2026-05-18T18:42:58.969Z" hostname="LAPTOP-8OLA8TFP" time="0.173">
  <properties/>
  <testcase name="openWeatherIconUrl_containsHost[jvm]" classname="com.example.weatherapp.SharedLogicDesktopTest" time="0.173"/>
  <system-out><![CDATA[]]></system-out>
  <system-err><![CDATA[SLF4J(W): No SLF4J providers were found.
SLF4J(W): Defaulting to no-operation (NOP) logger implementation
SLF4J(W): See https://www.slf4j.org/codes.html#noProviders for further details.
]]></system-err>
</testsuite>
