<?xml version="1.0" encoding="UTF-8"?>
<testsuite name="com.example.weatherapp.WeatherApiIntegrationTest" tests="4" skipped="0" failures="0" errors="0" timestamp="2026-05-18T18:42:59.144Z" hostname="LAPTOP-8OLA8TFP" time="0.186">
  <properties/>
  <testcase name="getWeather_withMockEngine_returnsParsedCity[jvm]" classname="com.example.weatherapp.WeatherApiIntegrationTest" time="0.162"/>
  <testcase name="getWeather_withMockEngine_returnsWindSpeed[jvm]" classname="com.example.weatherapp.WeatherApiIntegrationTest" time="0.005"/>
  <testcase name="getWeather_endToEndWithCache_storesResponse[jvm]" classname="com.example.weatherapp.WeatherApiIntegrationTest" time="0.014"/>
  <testcase name="getWeather_withMockEngine_returnsHumidity[jvm]" classname="com.example.weatherapp.WeatherApiIntegrationTest" time="0.004"/>
  <system-out><![CDATA[]]></system-out>
  <system-err><![CDATA[]]></system-err>
</testsuite>
