<?xml version="1.0" encoding="UTF-8"?>
<testsuite name="com.example.weatherapp.WeatherDesktopTest" tests="3" skipped="0" failures="0" errors="0" timestamp="2026-05-18T18:42:59.334Z" hostname="LAPTOP-8OLA8TFP" time="0.008">
  <properties/>
  <testcase name="cacheManager_persistsOnJvm[jvm]" classname="com.example.weatherapp.WeatherDesktopTest" time="0.006"/>
  <testcase name="getWeatherEmoji_snow_onJvm[jvm]" classname="com.example.weatherapp.WeatherDesktopTest" time="0.001"/>
  <testcase name="platformKind_isDesktop[jvm]" classname="com.example.weatherapp.WeatherDesktopTest" time="0.001"/>
  <system-out><![CDATA[]]></system-out>
  <system-err><![CDATA[]]></system-err>
</testsuite>
